Using pre-set license
Built from '2020.2/staging' branch; Version is '2020.2.3f1 (8ff31bc5bf5b) revision 9433883'; Using compiler version '192528614'; Build Type 'Release'
OS: 'Windows 7  (6.1.0) 64bit' Language: 'en' Physical Memory: 8107 MB
BatchMode: 1, IsHumanControllingUs: 0, StartBugReporterOnCrash: 0, Is64bit: 1, IsPro: 0

 COMMAND LINE ARGUMENTS:
C:\Program Files\Unity\2020.2.3f1\Editor\Unity.exe
-adb2
-batchMode
-noUpm
-name
AssetImportWorker0
-projectPath
D:/Unity project references/MultiplayerExamplesUsingMirror
-logFile
Logs/AssetImportWorker0.log
-srvPort
51155
Successfully changed project path to: D:/Unity project references/MultiplayerExamplesUsingMirror
D:/Unity project references/MultiplayerExamplesUsingMirror
Using Asset Import Pipeline V2.
Refreshing native plugins compatible for Editor in 56.81 ms, found 0 plugins.
Preloading 0 native plugins for Editor in 0.00 ms.
Initialize engine version: 2020.2.3f1 (8ff31bc5bf5b)
[Subsystems] Discovering subsystems at path C:/Program Files/Unity/2020.2.3f1/Editor/Data/Resources/UnitySubsystems
[Subsystems] Discovering subsystems at path D:/Unity project references/MultiplayerExamplesUsingMirror/Assets
GfxDevice: creating device client; threaded=0
d3d11: CreateDXGIFactory2(...) not found, fallbacking to CreateDXGIFactory1(...).
d3d11: QueryInterface(IDXGIFactory5) failed (80004002).
Direct3D:
    Version:  Direct3D 11.0 [level 10.1]
    Renderer: Intel(R) HD Graphics 3000 (ID=0x116)
    Vendor:   
    VRAM:     1632 MB
    Driver:   8.15.10.2653
Could not load symbol clCreateImage : The specified procedure could not be found.


Could not load symbol clEnqueueFillBuffer : The specified procedure could not be found.


Could not load symbol clEnqueueFillImage : The specified procedure could not be found.


Could not load symbol clEnqueueMarkerWithWaitList : The specified procedure could not be found.


Could not load symbol clGetExtensionFunctionAddressForPlatform : The specified procedure could not be found.


Could not load symbol clUnloadPlatformCompiler : The specified procedure could not be found.


Could not load symbol clCreateFromGLTexture : The specified procedure could not be found.


Initialize mono
Mono path[0] = 'C:/Program Files/Unity/2020.2.3f1/Editor/Data/Managed'
Mono path[1] = 'C:/Program Files/Unity/2020.2.3f1/Editor/Data/MonoBleedingEdge/lib/mono/unityjit'
Mono config path = 'C:/Program Files/Unity/2020.2.3f1/Editor/Data/MonoBleedingEdge/etc'
Using monoOptions --debugger-agent=transport=dt_socket,embedding=1,server=y,suspend=n,address=127.0.0.1:56724
Begin MonoManager ReloadAssembly
Registering precompiled unity dll's ...
Register platform support module: C:/Program Files/Unity/2020.2.3f1/Editor/Data/PlaybackEngines/WindowsStandaloneSupport/UnityEditor.WindowsStandalone.Extensions.dll
Registered in 0.003132 seconds.
Native extension for WindowsStandalone target not found
Refreshing native plugins compatible for Editor in 54.06 ms, found 0 plugins.
Preloading 0 native plugins for Editor in 0.00 ms.
Invoked RoslynAnalysisRunner static constructor.
RoslynAnalysisRunner will not be running.
RoslynAnalysisRunner has terminated.
Mono: successfully reloaded assembly
- Completed reload, in  6.373 seconds
Platform modules already initialized, skipping
Registering precompiled user dll's ...
Registered in 0.003685 seconds.
Begin MonoManager ReloadAssembly
Native extension for WindowsStandalone target not found
Refreshing native plugins compatible for Editor in 0.51 ms, found 0 plugins.
Preloading 0 native plugins for Editor in 0.00 ms.
Invoked RoslynAnalysisRunner static constructor.
RoslynAnalysisRunner will not be running.
RoslynAnalysisRunner has terminated.
Find all reader and writers took 162 milliseconds
Script Module: UnityEngine.UI.dll
Weave behaviours and messages took146 milliseconds
Find all reader and writers took 140 milliseconds
Script Module: SimpleWebTransport.dll
Weave behaviours and messages took12 milliseconds
Find all reader and writers took 119 milliseconds
Script Module: UnityEngine.TestRunner.dll
Weave behaviours and messages took57 milliseconds
Find all reader and writers took 109 milliseconds
Script Module: Mirror.Cloud.dll
Weave behaviours and messages took9 milliseconds
Find all reader and writers took 113 milliseconds
Script Module: Unity.Timeline.dll
Weave behaviours and messages took61 milliseconds
Find all reader and writers took 123 milliseconds
Script Module: Mirror.Examples.dll
[Projectile] NetworkBehaviourProcessor
[Tank] NetworkBehaviourProcessor
[NetworkRoomPlayer] NetworkBehaviourProcessor
[NetworkRoomPlayerExt] NetworkBehaviourProcessor
[PlayerController] NetworkBehaviourProcessor
[PlayerScore] NetworkBehaviourProcessor
[RandomColor] NetworkBehaviourProcessor
[Reward] NetworkBehaviourProcessor
[AddForce] NetworkBehaviourProcessor
[Ball] NetworkBehaviourProcessor
[Player] NetworkBehaviourProcessor
[MatchController] NetworkBehaviourProcessor
[PhysicsCollision] NetworkBehaviourProcessor
[PlayerController] NetworkBehaviourProcessor
[PlayerScore] NetworkBehaviourProcessor
[RandomColor] NetworkBehaviourProcessor
[Reward] NetworkBehaviourProcessor
[Player] NetworkBehaviourProcessor
[MonsterMovement] NetworkBehaviourProcessor
[PlayerMovement] NetworkBehaviourProcessor
[Player] NetworkBehaviourProcessor
[PlayerController] NetworkBehaviourProcessor
[RandomColor] NetworkBehaviourProcessor
[ShootingTankBehaviour] NetworkBehaviourProcessor
Weave behaviours and messages took42 milliseconds
  ProcessSitesModule Mirror.Examples.dll elapsed time:00:00:00.0160009
Find all reader and writers took 118 milliseconds
Script Module: Mirror.Components.dll
[NetworkAnimator] NetworkBehaviourProcessor
[NetworkRoomPlayer] NetworkBehaviourProcessor
[NetworkLobbyPlayer] NetworkBehaviourProcessor
[NetworkVisibility] NetworkBehaviourProcessor
[NetworkVisibility] Found NetworkBehaviour Mirror.NetworkVisibility
[NetworkVisibility] Process Start
[NetworkVisibility]   GenerateSerialization
[NetworkVisibility]   GenerateDeSerialization
[NetworkVisibility] Process Done
[NetworkMatchChecker] NetworkBehaviourProcessor
[NetworkVisibility] NetworkBehaviourProcessor
[NetworkOwnerChecker] NetworkBehaviourProcessor
[NetworkVisibility] NetworkBehaviourProcessor
[NetworkProximityChecker] NetworkBehaviourProcessor
[NetworkRoomPlayer] NetworkBehaviourProcessor
[NetworkVisibility] NetworkBehaviourProcessor
[NetworkSceneChecker] NetworkBehaviourProcessor
[NetworkTransformBase] NetworkBehaviourProcessor
[NetworkTransform] NetworkBehaviourProcessor
[NetworkTransformBase] NetworkBehaviourProcessor
[NetworkTransformBase] NetworkBehaviourProcessor
[NetworkTransformChild] NetworkBehaviourProcessor
[NetworkLerpRigidbody] NetworkBehaviourProcessor
[NetworkRigidbody] NetworkBehaviourProcessor
[NetworkRigidbody2D] NetworkBehaviourProcessor
[NetworkTransformBase] NetworkBehaviourProcessor
[NetworkTransform] NetworkBehaviourProcessor
[NetworkTransformBase] NetworkBehaviourProcessor
[NetworkTransformBase] NetworkBehaviourProcessor
[NetworkTransformChild] NetworkBehaviourProcessor
Weave behaviours and messages took50 milliseconds
  ProcessSitesModule Mirror.Components.dll elapsed time:00:00:00.0010001
Find all reader and writers took 153 milliseconds
Script Module: Unity.TextMeshPro.dll
Weave behaviours and messages took173 milliseconds
Find all reader and writers took 103 milliseconds
Script Module: Mirror.Examples.Cloud.GUI.dll
Weave behaviours and messages took8 milliseconds
Find all reader and writers took 109 milliseconds
Script Module: kcp2k.dll
Weave behaviours and messages took10 milliseconds
Find all reader and writers took 98 milliseconds
Script Module: Telepathy.dll
Weave behaviours and messages took11 milliseconds
Find all reader and writers took 114 milliseconds
Script Module: Mirror.Authenticators.dll
Weave behaviours and messages took7 milliseconds
  ProcessSitesModule Mirror.Authenticators.dll elapsed time:00:00:00
Find all reader and writers took 119 milliseconds
Script Module: Mirror.Examples.Cloud.Pong.dll
[Ball] NetworkBehaviourProcessor
[BallManager] NetworkBehaviourProcessor
[Player] NetworkBehaviourProcessor
Weave behaviours and messages took3 milliseconds
  ProcessSitesModule Mirror.Examples.Cloud.Pong.dll elapsed time:00:00:00
Find all reader and writers took 171 milliseconds
Script Module: UnityEditor.TestRunner.dll
Weave behaviours and messages took86 milliseconds
Find all reader and writers took 155 milliseconds
Script Module: UnityEditor.UI.dll
Weave behaviours and messages took22 milliseconds
Find all reader and writers took 127 milliseconds
Script Module: Mirror.CompilerSymbols.dll
Weave behaviours and messages took0 milliseconds
[ScriptCompilation] NOT recompiling all scripts because this is an import worker process. Reason to compile was: Define symbols changed
Mono: successfully reloaded assembly
- Completed reload, in  8.058 seconds
Platform modules already initialized, skipping
========================================================================
Worker process is ready to serve import requests
Launched and connected shader compiler UnityShaderCompiler.exe after 0.06 seconds
Refreshing native plugins compatible for Editor in 0.47 ms, found 0 plugins.
Preloading 0 native plugins for Editor in 0.00 ms.
Unloading 1350 Unused Serialized files (Serialized files now loaded: 0)
System memory in use before: 63.9 MB.
System memory in use after: 64.0 MB.

Unloading 15 unused Assets to reduce memory usage. Loaded Objects now: 1786.
Total: 4.262745 ms (FindLiveObjects: 0.188305 ms CreateObjectMapping: 0.080766 ms MarkObjects: 3.842852 ms  DeleteObjects: 0.148591 ms)

========================================================================
Received Import Request.
  path: Assets/Mirror/Examples/Pong/Scenes
  artifactKey: Guid(00c56c45628954f44aa4d944cbd9bfca) Importer(815301076,1909f56bfc062723c751e8b465ee728b)
Start importing Assets/Mirror/Examples/Pong/Scenes using Guid(00c56c45628954f44aa4d944cbd9bfca) Importer(815301076,1909f56bfc062723c751e8b465ee728b)  -> (artifact id: '303d8379d6d57234b7a9e1c2171162c1') in 0.008995 seconds
  Import took 0.012768 seconds .

========================================================================
Received Import Request.
  Time since last request: 0.000350 seconds.
  path: Assets/Mirror/Runtime
  artifactKey: Guid(9f4328ccc5f724e45afe2215d275b5d5) Importer(815301076,1909f56bfc062723c751e8b465ee728b)
Start importing Assets/Mirror/Runtime using Guid(9f4328ccc5f724e45afe2215d275b5d5) Importer(815301076,1909f56bfc062723c751e8b465ee728b)  -> (artifact id: 'b8c6d62f60dd0f132eb7f0b35fdf9e6b') in 0.004900 seconds
  Import took 0.008447 seconds .

========================================================================
Received Import Request.
  Time since last request: 0.000317 seconds.
  path: Assets/Mirror/Examples
  artifactKey: Guid(a08b1f591326642d1b140fc818c9c6b1) Importer(815301076,1909f56bfc062723c751e8b465ee728b)
Start importing Assets/Mirror/Examples using Guid(a08b1f591326642d1b140fc818c9c6b1) Importer(815301076,1909f56bfc062723c751e8b465ee728b)  -> (artifact id: 'e70129710c6f4a3c599c585866ac1905') in 0.005081 seconds
  Import took 0.008469 seconds .

========================================================================
Received Import Request.
  Time since last request: 0.000316 seconds.
  path: Assets/Mirror/Examples/Pong
  artifactKey: Guid(2220cb06641bd40be8c8330b3b4dd0ee) Importer(815301076,1909f56bfc062723c751e8b465ee728b)
Start importing Assets/Mirror/Examples/Pong using Guid(2220cb06641bd40be8c8330b3b4dd0ee) Importer(815301076,1909f56bfc062723c751e8b465ee728b)  -> (artifact id: '5cfd829380f1fec4aaf2bcd04c0f06bd') in 0.004883 seconds
  Import took 0.008252 seconds .

========================================================================
Received Prepare
Registering precompiled user dll's ...
Registered in 0.003600 seconds.
Begin MonoManager ReloadAssembly
Native extension for WindowsStandalone target not found
Refreshing native plugins compatible for Editor in 0.55 ms, found 0 plugins.
Preloading 0 native plugins for Editor in 0.00 ms.
Invoked RoslynAnalysisRunner static constructor.
RoslynAnalysisRunner will not be running.
RoslynAnalysisRunner has terminated.
Mono: successfully reloaded assembly
- Completed reload, in  1.748 seconds
Platform modules already initialized, skipping
Refreshing native plugins compatible for Editor in 0.50 ms, found 0 plugins.
Preloading 0 native plugins for Editor in 0.00 ms.
Unloading 1357 Unused Serialized files (Serialized files now loaded: 0)
System memory in use before: 64.3 MB.
System memory in use after: 64.3 MB.

Unloading 10 unused Assets to reduce memory usage. Loaded Objects now: 1800.
Total: 2.673754 ms (FindLiveObjects: 0.206600 ms CreateObjectMapping: 0.076750 ms MarkObjects: 2.299821 ms  DeleteObjects: 0.088798 ms)

========================================================================
Received Import Request.
  Time since last request: 1014.451304 seconds.
  path: Assets
  artifactKey: Guid(00000000000000001000000000000000) Importer(815301076,1909f56bfc062723c751e8b465ee728b)
Start importing Assets using Guid(00000000000000001000000000000000) Importer(815301076,1909f56bfc062723c751e8b465ee728b)  -> (artifact id: '653ce283d384579a24208b2e4d727c2a') in 0.014594 seconds
  Import took 0.020230 seconds .

========================================================================
Received Import Request.
  Time since last request: 0.011712 seconds.
  path: Assets
  artifactKey: Guid(00000000000000001000000000000000) Importer(815301076,1909f56bfc062723c751e8b465ee728b)
Start importing Assets using Guid(00000000000000001000000000000000) Importer(815301076,1909f56bfc062723c751e8b465ee728b)  -> (artifact id: '653ce283d384579a24208b2e4d727c2a') in 0.006900 seconds
  Import took 0.013881 seconds .

========================================================================
Received Import Request.
  Time since last request: 6.943831 seconds.
  path: Assets/Scripts
  artifactKey: Guid(d2286fb6c8119244dac9c204e082f615) Importer(815301076,1909f56bfc062723c751e8b465ee728b)
Start importing Assets/Scripts using Guid(d2286fb6c8119244dac9c204e082f615) Importer(815301076,1909f56bfc062723c751e8b465ee728b)  -> (artifact id: 'd7e6e788fe24140ab58efaa6695bef8e') in 0.008082 seconds
  Import took 0.012944 seconds .

========================================================================
Received Import Request.
  Time since last request: 28.268767 seconds.
  path: Assets/Scripts/MovePlayer.cs
  artifactKey: Guid(612cbd35dd68ba04eacdee8b0f93f144) Importer(815301076,1909f56bfc062723c751e8b465ee728b)
Start importing Assets/Scripts/MovePlayer.cs using Guid(612cbd35dd68ba04eacdee8b0f93f144) Importer(815301076,1909f56bfc062723c751e8b465ee728b)  -> (artifact id: '825f5f3c7e35e129e536dcc93cea0999') in 15.982962 seconds
  Import took 15.988780 seconds .

========================================================================
Received Prepare
Registering precompiled user dll's ...
Registered in 0.003438 seconds.
Begin MonoManager ReloadAssembly
Native extension for WindowsStandalone target not found
Refreshing native plugins compatible for Editor in 0.54 ms, found 0 plugins.
Preloading 0 native plugins for Editor in 0.00 ms.
Invoked RoslynAnalysisRunner static constructor.
RoslynAnalysisRunner will not be running.
RoslynAnalysisRunner has terminated.
Mono: successfully reloaded assembly
- Completed reload, in  1.545 seconds
Platform modules already initialized, skipping
Refreshing native plugins compatible for Editor in 0.70 ms, found 0 plugins.
Preloading 0 native plugins for Editor in 0.00 ms.
Unloading 1358 Unused Serialized files (Serialized files now loaded: 0)
System memory in use before: 64.3 MB.
System memory in use after: 64.4 MB.

Unloading 10 unused Assets to reduce memory usage. Loaded Objects now: 1803.
Total: 2.842871 ms (FindLiveObjects: 0.213293 ms CreateObjectMapping: 0.077642 ms MarkObjects: 2.420301 ms  DeleteObjects: 0.129850 ms)

========================================================================
Received Import Request.
  Time since last request: 2.492241 seconds.
  path: Assets/Scripts/MovePlayer.cs
  artifactKey: Guid(612cbd35dd68ba04eacdee8b0f93f144) Importer(815301076,1909f56bfc062723c751e8b465ee728b)
Start importing Assets/Scripts/MovePlayer.cs using Guid(612cbd35dd68ba04eacdee8b0f93f144) Importer(815301076,1909f56bfc062723c751e8b465ee728b)  -> (artifact id: '825f5f3c7e35e129e536dcc93cea0999') in 0.008011 seconds
  Import took 0.012308 seconds .

========================================================================
Received Prepare
Trying to reload asset but can't find object on disk

Trying to reload asset but can't find object on disk

Trying to reload asset but can't find object on disk

Trying to reload asset but can't find object on disk

Trying to reload asset but can't find object on disk

Trying to reload asset but can't find object on disk

Trying to reload asset but can't find object on disk

Trying to reload asset but can't find object on disk

Trying to reload asset but can't find object on disk

Trying to reload asset but can't find object on disk

Trying to reload asset but can't find object on disk

Trying to reload asset but can't find object on disk

Trying to reload asset but can't find object on disk

Trying to reload asset but can't find object on disk

Trying to reload asset but can't find object on disk

Trying to reload asset but can't find object on disk

Trying to reload asset but can't find object on disk

Trying to reload asset but can't find object on disk

Registering precompiled user dll's ...
Registered in 0.001492 seconds.
Begin MonoManager ReloadAssembly
Native extension for WindowsStandalone target not found
Refreshing native plugins compatible for Editor in 10.30 ms, found 0 plugins.
Preloading 0 native plugins for Editor in 0.00 ms.
Invoked RoslynAnalysisRunner static constructor.
RoslynAnalysisRunner will not be running.
RoslynAnalysisRunner has terminated.
Mono: successfully reloaded assembly
- Completed reload, in  4.120 seconds
Platform modules already initialized, skipping
Refreshing native plugins compatible for Editor in 0.38 ms, found 0 plugins.
Preloading 0 native plugins for Editor in 0.00 ms.
Unloading 1094 Unused Serialized files (Serialized files now loaded: 0)
System memory in use before: 58.7 MB.
System memory in use after: 58.7 MB.

Unloading 207 unused Assets to reduce memory usage. Loaded Objects now: 1603.
Total: 19.088871 ms (FindLiveObjects: 0.322617 ms CreateObjectMapping: 0.095937 ms MarkObjects: 18.449437 ms  DeleteObjects: 0.217756 ms)

========================================================================
Received Import Request.
  Time since last request: 7792.852428 seconds.
  path: Assets/Scenes
  artifactKey: Guid(acc8c5186dd2a5a4390492aac4ecc661) Importer(815301076,1909f56bfc062723c751e8b465ee728b)
Start importing Assets/Scenes using Guid(acc8c5186dd2a5a4390492aac4ecc661) Importer(815301076,1909f56bfc062723c751e8b465ee728b)  -> (artifact id: 'a0986d682c58d551f6f9d0fe8091792a') in 0.012368 seconds
  Import took 0.018699 seconds .

========================================================================
Received Import Request.
  Time since last request: 6.463444 seconds.
  path: Assets/Mirror/Examples/AdditiveScenes
  artifactKey: Guid(b84b2a39b3027c747b21ad714a439214) Importer(815301076,1909f56bfc062723c751e8b465ee728b)
Start importing Assets/Mirror/Examples/AdditiveScenes using Guid(b84b2a39b3027c747b21ad714a439214) Importer(815301076,1909f56bfc062723c751e8b465ee728b)  -> (artifact id: 'a83b0102c86e3abe08ecfe9b4da9d1e8') in 0.009335 seconds
  Import took 0.015424 seconds .

========================================================================
Received Import Request.
  Time since last request: 0.925033 seconds.
  path: Assets/Mirror/Examples/AdditiveScenes/Materials
  artifactKey: Guid(7ef7a74859259a546b73ed820e449ae8) Importer(815301076,1909f56bfc062723c751e8b465ee728b)
Start importing Assets/Mirror/Examples/AdditiveScenes/Materials using Guid(7ef7a74859259a546b73ed820e449ae8) Importer(815301076,1909f56bfc062723c751e8b465ee728b)  -> (artifact id: 'e1d7961e3b9e37aef42c6575f90ea564') in 0.008780 seconds
  Import took 0.037154 seconds .

========================================================================
Received Prepare
Trying to reload asset but can't find object on disk

Trying to reload asset but can't find object on disk

Trying to reload asset but can't find object on disk

Trying to reload asset but can't find object on disk

Trying to reload asset but can't find object on disk

Trying to reload asset but can't find object on disk

Trying to reload asset but can't find object on disk

Trying to reload asset but can't find object on disk

Trying to reload asset but can't find object on disk

Trying to reload asset but can't find object on disk

Trying to reload asset but can't find object on disk

Trying to reload asset but can't find object on disk

Trying to reload asset but can't find object on disk

Trying to reload asset but can't find object on disk

Trying to reload asset but can't find object on disk

Trying to reload asset but can't find object on disk

Trying to reload asset but can't find object on disk

Trying to reload asset but can't find object on disk

Registering precompiled user dll's ...
Registered in 0.003566 seconds.
Begin MonoManager ReloadAssembly
Native extension for WindowsStandalone target not found
Refreshing native plugins compatible for Editor in 1.27 ms, found 0 plugins.
Preloading 0 native plugins for Editor in 0.00 ms.
Invoked RoslynAnalysisRunner static constructor.
RoslynAnalysisRunner will not be running.
RoslynAnalysisRunner has terminated.
Mono: successfully reloaded assembly
- Completed reload, in  2.112 seconds
Platform modules already initialized, skipping
Refreshing native plugins compatible for Editor in 0.50 ms, found 0 plugins.
Preloading 0 native plugins for Editor in 0.00 ms.
Unloading 1345 Unused Serialized files (Serialized files now loaded: 0)
System memory in use before: 64.1 MB.
System memory in use after: 64.1 MB.

Unloading 10 unused Assets to reduce memory usage. Loaded Objects now: 1805.
Total: 2.692049 ms (FindLiveObjects: 0.198568 ms CreateObjectMapping: 0.076304 ms MarkObjects: 2.328379 ms  DeleteObjects: 0.086567 ms)

========================================================================
Received Prepare
Trying to reload asset but can't find object on disk

Trying to reload asset but can't find object on disk

Trying to reload asset but can't find object on disk

Trying to reload asset but can't find object on disk

Trying to reload asset but can't find object on disk

Trying to reload asset but can't find object on disk

Trying to reload asset but can't find object on disk

Trying to reload asset but can't find object on disk

Trying to reload asset but can't find object on disk

Trying to reload asset but can't find object on disk

Trying to reload asset but can't find object on disk

Trying to reload asset but can't find object on disk

Trying to reload asset but can't find object on disk

Trying to reload asset but can't find object on disk

Trying to reload asset but can't find object on disk

Trying to reload asset but can't find object on disk

Trying to reload asset but can't find object on disk

Trying to reload asset but can't find object on disk

Registering precompiled user dll's ...
Registered in 0.003525 seconds.
Begin MonoManager ReloadAssembly
Native extension for WindowsStandalone target not found
Refreshing native plugins compatible for Editor in 0.51 ms, found 0 plugins.
Preloading 0 native plugins for Editor in 0.00 ms.
Invoked RoslynAnalysisRunner static constructor.
RoslynAnalysisRunner will not be running.
RoslynAnalysisRunner has terminated.
Mono: successfully reloaded assembly
- Completed reload, in  2.096 seconds
Platform modules already initialized, skipping
Refreshing native plugins compatible for Editor in 0.56 ms, found 0 plugins.
Preloading 0 native plugins for Editor in 0.00 ms.
Unloading 1357 Unused Serialized files (Serialized files now loaded: 0)
System memory in use before: 64.3 MB.
System memory in use after: 64.4 MB.

Unloading 10 unused Assets to reduce memory usage. Loaded Objects now: 1808.
Total: 53.117208 ms (FindLiveObjects: 46.908941 ms CreateObjectMapping: 0.304769 ms MarkObjects: 5.690651 ms  DeleteObjects: 0.209724 ms)

========================================================================
Received Prepare
Trying to reload asset but can't find object on disk

Registering precompiled user dll's ...
Registered in 0.007210 seconds.
Begin MonoManager ReloadAssembly
Native extension for WindowsStandalone target not found
Refreshing native plugins compatible for Editor in 1.61 ms, found 0 plugins.
Preloading 0 native plugins for Editor in 0.00 ms.
Invoked RoslynAnalysisRunner static constructor.
RoslynAnalysisRunner will not be running.
RoslynAnalysisRunner has terminated.
[ScriptCompilation] NOT recompiling all scripts because this is an import worker process. Reason to compile was: Define symbols changed
Mono: successfully reloaded assembly
- Completed reload, in  2.716 seconds
Platform modules already initialized, skipping
Refreshing native plugins compatible for Editor in 0.98 ms, found 0 plugins.
Preloading 0 native plugins for Editor in 0.00 ms.
Unloading 1656 Unused Serialized files (Serialized files now loaded: 0)
System memory in use before: 73.2 MB.
System memory in use after: 73.3 MB.

Unloading 30 unused Assets to reduce memory usage. Loaded Objects now: 2096.
Total: 3.542992 ms (FindLiveObjects: 0.233820 ms CreateObjectMapping: 0.093260 ms MarkObjects: 3.070890 ms  DeleteObjects: 0.142344 ms)

========================================================================
Received Prepare
Trying to reload asset but can't find object on disk

Registering precompiled user dll's ...
Registered in 0.006632 seconds.
Begin MonoManager ReloadAssembly
Native extension for WindowsStandalone target not found
Refreshing native plugins compatible for Editor in 1.08 ms, found 0 plugins.
Preloading 0 native plugins for Editor in 0.00 ms.
Invoked RoslynAnalysisRunner static constructor.
RoslynAnalysisRunner will not be running.
RoslynAnalysisRunner has terminated.
[ScriptCompilation] NOT recompiling all scripts because this is an import worker process. Reason to compile was: Define symbols changed
Mono: successfully reloaded assembly
- Completed reload, in  2.961 seconds
Platform modules already initialized, skipping
Refreshing native plugins compatible for Editor in 0.99 ms, found 0 plugins.
Preloading 0 native plugins for Editor in 0.00 ms.
Unloading 1656 Unused Serialized files (Serialized files now loaded: 0)
System memory in use before: 73.2 MB.
System memory in use after: 73.3 MB.

Unloading 30 unused Assets to reduce memory usage. Loaded Objects now: 2098.
Total: 4.856219 ms (FindLiveObjects: 0.366347 ms CreateObjectMapping: 0.119587 ms MarkObjects: 4.250697 ms  DeleteObjects: 0.117356 ms)

========================================================================
Received Prepare
Trying to reload asset but can't find object on disk

Registering precompiled user dll's ...
Registered in 0.007018 seconds.
Begin MonoManager ReloadAssembly
Native extension for WindowsStandalone target not found
Refreshing native plugins compatible for Editor in 0.93 ms, found 0 plugins.
Preloading 0 native plugins for Editor in 0.00 ms.
Invoked RoslynAnalysisRunner static constructor.
RoslynAnalysisRunner will not be running.
RoslynAnalysisRunner has terminated.
[ScriptCompilation] NOT recompiling all scripts because this is an import worker process. Reason to compile was: Define symbols changed
Mono: successfully reloaded assembly
- Completed reload, in  2.348 seconds
Platform modules already initialized, skipping
Refreshing native plugins compatible for Editor in 1.25 ms, found 0 plugins.
Preloading 0 native plugins for Editor in 0.00 ms.
Unloading 1656 Unused Serialized files (Serialized files now loaded: 0)
System memory in use before: 73.2 MB.
System memory in use after: 73.3 MB.

Unloading 30 unused Assets to reduce memory usage. Loaded Objects now: 2100.
Total: 4.296212 ms (FindLiveObjects: 0.363224 ms CreateObjectMapping: 0.118695 ms MarkObjects: 3.694707 ms  DeleteObjects: 0.117356 ms)

========================================================================
Received Prepare
Trying to reload asset but can't find object on disk

Registering precompiled user dll's ...
Registered in 0.006456 seconds.
Begin MonoManager ReloadAssembly
Native extension for WindowsStandalone target not found
Refreshing native plugins compatible for Editor in 1.22 ms, found 0 plugins.
Preloading 0 native plugins for Editor in 0.00 ms.
Invoked RoslynAnalysisRunner static constructor.
RoslynAnalysisRunner will not be running.
RoslynAnalysisRunner has terminated.
[ScriptCompilation] NOT recompiling all scripts because this is an import worker process. Reason to compile was: Define symbols changed
Mono: successfully reloaded assembly
- Completed reload, in  2.081 seconds
Platform modules already initialized, skipping
Refreshing native plugins compatible for Editor in 1.35 ms, found 0 plugins.
Preloading 0 native plugins for Editor in 0.00 ms.
Unloading 1657 Unused Serialized files (Serialized files now loaded: 0)
System memory in use before: 73.3 MB.
System memory in use after: 73.4 MB.

Unloading 30 unused Assets to reduce memory usage. Loaded Objects now: 2103.
Total: 3.123098 ms (FindLiveObjects: 0.348052 ms CreateObjectMapping: 0.116017 ms MarkObjects: 2.558629 ms  DeleteObjects: 0.098169 ms)

========================================================================
Received Prepare
Trying to reload asset but can't find object on disk

Registering precompiled user dll's ...
Registered in 0.005693 seconds.
Begin MonoManager ReloadAssembly
Native extension for WindowsStandalone target not found
Refreshing native plugins compatible for Editor in 0.86 ms, found 0 plugins.
Preloading 0 native plugins for Editor in 0.00 ms.
Invoked RoslynAnalysisRunner static constructor.
RoslynAnalysisRunner will not be running.
RoslynAnalysisRunner has terminated.
Mono: successfully reloaded assembly
- Completed reload, in  1.999 seconds
Platform modules already initialized, skipping
Refreshing native plugins compatible for Editor in 1.88 ms, found 0 plugins.
Preloading 0 native plugins for Editor in 0.00 ms.
Unloading 1657 Unused Serialized files (Serialized files now loaded: 0)
System memory in use before: 73.3 MB.
System memory in use after: 73.4 MB.

Unloading 30 unused Assets to reduce memory usage. Loaded Objects now: 2105.
Total: 3.281060 ms (FindLiveObjects: 0.224895 ms CreateObjectMapping: 0.092368 ms MarkObjects: 2.865629 ms  DeleteObjects: 0.096830 ms)

========================================================================
Received Import Request.
  Time since last request: 1232.128898 seconds.
  path: Assets/Scripts/MovePlayer.cs
  artifactKey: Guid(612cbd35dd68ba04eacdee8b0f93f144) Importer(815301076,1909f56bfc062723c751e8b465ee728b)
Start importing Assets/Scripts/MovePlayer.cs using Guid(612cbd35dd68ba04eacdee8b0f93f144) Importer(815301076,1909f56bfc062723c751e8b465ee728b)  -> (artifact id: '12dca835bfe9f2d720c927162766e626') in 0.034607 seconds
  Import took 0.039711 seconds .

========================================================================
Received Prepare
Trying to reload asset but can't find object on disk

Registering precompiled user dll's ...
Registered in 0.005681 seconds.
Begin MonoManager ReloadAssembly
Native extension for WindowsStandalone target not found
Refreshing native plugins compatible for Editor in 1.46 ms, found 0 plugins.
Preloading 0 native plugins for Editor in 0.00 ms.
Invoked RoslynAnalysisRunner static constructor.
RoslynAnalysisRunner will not be running.
RoslynAnalysisRunner has terminated.
Mono: successfully reloaded assembly
- Completed reload, in  2.639 seconds
Platform modules already initialized, skipping
Refreshing native plugins compatible for Editor in 1.36 ms, found 0 plugins.
Preloading 0 native plugins for Editor in 0.00 ms.
Unloading 1657 Unused Serialized files (Serialized files now loaded: 0)
System memory in use before: 73.3 MB.
System memory in use after: 73.4 MB.

Unloading 30 unused Assets to reduce memory usage. Loaded Objects now: 2107.
Total: 3.282399 ms (FindLiveObjects: 0.236051 ms CreateObjectMapping: 0.094599 ms MarkObjects: 2.839302 ms  DeleteObjects: 0.109770 ms)

========================================================================
Received Prepare
Trying to reload asset but can't find object on disk

Registering precompiled user dll's ...
Registered in 0.005671 seconds.
Begin MonoManager ReloadAssembly
Native extension for WindowsStandalone target not found
Refreshing native plugins compatible for Editor in 0.88 ms, found 0 plugins.
Preloading 0 native plugins for Editor in 0.00 ms.
Invoked RoslynAnalysisRunner static constructor.
RoslynAnalysisRunner will not be running.
RoslynAnalysisRunner has terminated.
Mono: successfully reloaded assembly
- Completed reload, in  1.924 seconds
Platform modules already initialized, skipping
Refreshing native plugins compatible for Editor in 0.90 ms, found 0 plugins.
Preloading 0 native plugins for Editor in 0.00 ms.
Unloading 1657 Unused Serialized files (Serialized files now loaded: 0)
System memory in use before: 73.3 MB.
System memory in use after: 73.4 MB.

Unloading 30 unused Assets to reduce memory usage. Loaded Objects now: 2109.
Total: 3.085615 ms (FindLiveObjects: 0.223557 ms CreateObjectMapping: 0.091475 ms MarkObjects: 2.671969 ms  DeleteObjects: 0.095937 ms)

========================================================================
Received Prepare
Registering precompiled user dll's ...
Registered in 0.003529 seconds.
Begin MonoManager ReloadAssembly
Native extension for WindowsStandalone target not found
Refreshing native plugins compatible for Editor in 0.51 ms, found 0 plugins.
Preloading 0 native plugins for Editor in 0.00 ms.
Invoked RoslynAnalysisRunner static constructor.
RoslynAnalysisRunner will not be running.
RoslynAnalysisRunner has terminated.
Mono: successfully reloaded assembly
- Completed reload, in  1.634 seconds
Platform modules already initialized, skipping
Refreshing native plugins compatible for Editor in 0.50 ms, found 0 plugins.
Preloading 0 native plugins for Editor in 0.00 ms.
Unloading 1358 Unused Serialized files (Serialized files now loaded: 0)
System memory in use before: 67.2 MB.
System memory in use after: 67.3 MB.

Unloading 151 unused Assets to reduce memory usage. Loaded Objects now: 1970.
Total: 2.855366 ms (FindLiveObjects: 0.224449 ms CreateObjectMapping: 0.089690 ms MarkObjects: 2.373447 ms  DeleteObjects: 0.166440 ms)

========================================================================
Received Import Request.
  Time since last request: 1467.498274 seconds.
  path: Assets/Scripts/MovePlayer.cs
  artifactKey: Guid(612cbd35dd68ba04eacdee8b0f93f144) Importer(815301076,1909f56bfc062723c751e8b465ee728b)
Start importing Assets/Scripts/MovePlayer.cs using Guid(612cbd35dd68ba04eacdee8b0f93f144) Importer(815301076,1909f56bfc062723c751e8b465ee728b)  -> (artifact id: 'ba86561ad10867f0aec17c81b752f2f4') in 0.010529 seconds
  Import took 0.017225 seconds .

========================================================================
Received Import Request.
  Time since last request: 0.000824 seconds.
  path: Assets/Scripts/MovePlayer.cs
  artifactKey: Guid(612cbd35dd68ba04eacdee8b0f93f144) Importer(815301076,1909f56bfc062723c751e8b465ee728b)
Start importing Assets/Scripts/MovePlayer.cs using Guid(612cbd35dd68ba04eacdee8b0f93f144) Importer(815301076,1909f56bfc062723c751e8b465ee728b)  -> (artifact id: 'ba86561ad10867f0aec17c81b752f2f4') in 0.006557 seconds
  Import took 0.031482 seconds .

========================================================================
Received Import Request.
  Time since last request: 1849.177498 seconds.
  path: Assets/Scenes
  artifactKey: Guid(acc8c5186dd2a5a4390492aac4ecc661) Importer(815301076,1909f56bfc062723c751e8b465ee728b)
Start importing Assets/Scenes using Guid(acc8c5186dd2a5a4390492aac4ecc661) Importer(815301076,1909f56bfc062723c751e8b465ee728b)  -> (artifact id: '9c560fac33fecdd36ba95c08038a6cbb') in 0.006779 seconds
  Import took 0.012909 seconds .

========================================================================
Received Import Request.
  Time since last request: 200.658386 seconds.
  path: Assets/Scripts
  artifactKey: Guid(d2286fb6c8119244dac9c204e082f615) Importer(815301076,1909f56bfc062723c751e8b465ee728b)
Start importing Assets/Scripts using Guid(d2286fb6c8119244dac9c204e082f615) Importer(815301076,1909f56bfc062723c751e8b465ee728b)  -> (artifact id: 'c13f6249dfaf0a71adb7454e7ddec763') in 0.008805 seconds
  Import took 0.014799 seconds .

